[debug] [2020-09-16T05:12:09.330Z] ----------------------------------------------------------------------
[debug] [2020-09-16T05:12:09.332Z] Command:       /home/mario/Downloads/node-v12.18.3-linux-x64/bin/node /home/mario/Downloads/node-v12.18.3-linux-x64/bin/firebase init
[debug] [2020-09-16T05:12:09.332Z] CLI Version:   8.10.0
[debug] [2020-09-16T05:12:09.332Z] Platform:      linux
[debug] [2020-09-16T05:12:09.332Z] Node Version:  v12.18.3
[debug] [2020-09-16T05:12:09.333Z] Time:          Wed Sep 16 2020 01:12:09 GMT-0400 (Cuba Daylight Time)
[debug] [2020-09-16T05:12:09.333Z] ----------------------------------------------------------------------
[debug] [2020-09-16T05:12:09.333Z] 
[debug] [2020-09-16T05:12:09.340Z] > command requires scopes: ["email","openid","https://www.googleapis.com/auth/cloudplatformprojects.readonly","https://www.googleapis.com/auth/firebase","https://www.googleapis.com/auth/cloud-platform"]
[debug] [2020-09-16T05:12:09.341Z] > authorizing via signed-in user
[info] 
     ######## #### ########  ######## ########     ###     ######  ########
     ##        ##  ##     ## ##       ##     ##  ##   ##  ##       ##
     ######    ##  ########  ######   ########  #########  ######  ######
     ##        ##  ##    ##  ##       ##     ## ##     ##       ## ##
     ##       #### ##     ## ######## ########  ##     ##  ######  ########

You're about to initialize a Firebase project in this directory:

  /home/mario/Projects/Angular/angular-app

[info] 
=== Project Setup
[info] 
[info] First, let's associate this project directory with a Firebase project.
[info] You can create multiple project aliases by running firebase use --add, 
[info] but for now we'll just set up a default project.
[info] 
[debug] [2020-09-16T05:12:12.777Z] >>> HTTP REQUEST GET https://firebase.googleapis.com/v1beta1/projects?pageSize=100  
 
[debug] [2020-09-16T05:12:13.232Z] Server Error. tunneling socket could not be established, statusCode=407
[debug] [2020-09-16T05:12:13.239Z] FirebaseError: Server Error. tunneling socket could not be established, statusCode=407
    at Request._callback (/home/mario/Downloads/node-v12.18.3-linux-x64/lib/node_modules/firebase-tools/lib/api.js:32:31)
    at self.callback (/home/mario/Downloads/node-v12.18.3-linux-x64/lib/node_modules/firebase-tools/node_modules/request/request.js:185:22)
    at Request.emit (events.js:315:20)
    at Request.EventEmitter.emit (domain.js:483:12)
    at Request.onRequestError (/home/mario/Downloads/node-v12.18.3-linux-x64/lib/node_modules/firebase-tools/node_modules/request/request.js:877:8)
    at ClientRequest.emit (events.js:315:20)
    at ClientRequest.EventEmitter.emit (domain.js:483:12)
    at ClientRequest.onConnect (/home/mario/Downloads/node-v12.18.3-linux-x64/lib/node_modules/firebase-tools/node_modules/tunnel-agent/index.js:168:23)
    at Object.onceWrapper (events.js:422:26)
    at ClientRequest.emit (events.js:315:20)
    at ClientRequest.EventEmitter.emit (domain.js:483:12)
    at Socket.socketOnData (_http_client.js:503:11)
    at Socket.emit (events.js:315:20)
    at Socket.EventEmitter.emit (domain.js:483:12)
    at addChunk (_stream_readable.js:295:12)
    at readableAddChunk (_stream_readable.js:271:9)
[error] 
[error] Error: Failed to list Firebase projects. See firebase-debug.log for more info.
[debug] [2020-09-16T05:12:39.915Z] ----------------------------------------------------------------------
[debug] [2020-09-16T05:12:39.917Z] Command:       /home/mario/Downloads/node-v12.18.3-linux-x64/bin/node /home/mario/Downloads/node-v12.18.3-linux-x64/bin/firebase init
[debug] [2020-09-16T05:12:39.917Z] CLI Version:   8.10.0
[debug] [2020-09-16T05:12:39.917Z] Platform:      linux
[debug] [2020-09-16T05:12:39.917Z] Node Version:  v12.18.3
[debug] [2020-09-16T05:12:39.918Z] Time:          Wed Sep 16 2020 01:12:39 GMT-0400 (Cuba Daylight Time)
[debug] [2020-09-16T05:12:39.918Z] ----------------------------------------------------------------------
[debug] [2020-09-16T05:12:39.918Z] 
[debug] [2020-09-16T05:12:39.925Z] > command requires scopes: ["email","openid","https://www.googleapis.com/auth/cloudplatformprojects.readonly","https://www.googleapis.com/auth/firebase","https://www.googleapis.com/auth/cloud-platform"]
[debug] [2020-09-16T05:12:39.925Z] > authorizing via signed-in user
[info] 
     ######## #### ########  ######## ########     ###     ######  ########
     ##        ##  ##     ## ##       ##     ##  ##   ##  ##       ##
     ######    ##  ########  ######   ########  #########  ######  ######
     ##        ##  ##    ##  ##       ##     ## ##     ##       ## ##
     ##       #### ##     ## ######## ########  ##     ##  ######  ########

You're about to initialize a Firebase project in this directory:

  /home/mario/Projects/Angular/angular-app

[info] 
=== Project Setup
[info] 
[info] First, let's associate this project directory with a Firebase project.
[info] You can create multiple project aliases by running firebase use --add, 
[info] but for now we'll just set up a default project.
[info] 
[debug] [2020-09-16T05:12:43.527Z] >>> HTTP REQUEST GET https://firebase.googleapis.com/v1beta1/projects?pageSize=100  
 
[debug] [2020-09-16T05:12:44.174Z] <<< HTTP RESPONSE 403 {"content-type":"text/html; charset=UTF-8","referrer-policy":"no-referrer","content-length":"1595","date":"Wed, 16 Sep 2020 05:12:44 GMT","alt-svc":"h3-29=\":443\"; ma=2592000,h3-27=\":443\"; ma=2592000,h3-T051=\":443\"; ma=2592000,h3-T050=\":443\"; ma=2592000,h3-Q050=\":443\"; ma=2592000,h3-Q046=\":443\"; ma=2592000,h3-Q043=\":443\"; ma=2592000,quic=\":443\"; ma=2592000; v=\"46,43\""}
[debug] [2020-09-16T05:12:44.175Z] <<< HTTP RESPONSE BODY <!DOCTYPE html>
<html lang=en>
  <meta charset=utf-8>
  <meta name=viewport content="initial-scale=1, minimum-scale=1, width=device-width">
  <title>Error 403 (Forbidden)!!1</title>
  <style>
    *{margin:0;padding:0}html,code{font:15px/22px arial,sans-serif}html{background:#fff;color:#222;padding:15px}body{margin:7% auto 0;max-width:390px;min-height:180px;padding:30px 0 15px}* > body{background:url(//www.google.com/images/errors/robot.png) 100% 5px no-repeat;padding-right:205px}p{margin:11px 0 22px;overflow:hidden}ins{color:#777;text-decoration:none}a img{border:0}@media screen and (max-width:772px){body{background:none;margin-top:0;max-width:none;padding-right:0}}#logo{background:url(//www.google.com/images/branding/googlelogo/1x/googlelogo_color_150x54dp.png) no-repeat;margin-left:-5px}@media only screen and (min-resolution:192dpi){#logo{background:url(//www.google.com/images/branding/googlelogo/2x/googlelogo_color_150x54dp.png) no-repeat 0% 0%/100% 100%;-moz-border-image:url(//www.google.com/images/branding/googlelogo/2x/googlelogo_color_150x54dp.png) 0}}@media only screen and (-webkit-min-device-pixel-ratio:2){#logo{background:url(//www.google.com/images/branding/googlelogo/2x/googlelogo_color_150x54dp.png) no-repeat;-webkit-background-size:100% 100%}}#logo{display:inline-block;height:54px;width:150px}
  </style>
  <a href=//www.google.com/><span id=logo aria-label=Google></span></a>
  <p><b>403.</b> <ins>That’s an error.</ins>
  <p>Your client does not have permission to get URL <code>/v1beta1/projects</code> from this server.  <ins>That’s all we know.</ins>

[debug] [2020-09-16T05:12:44.177Z] HTTP Error: 403, Unknown Error
[debug] [2020-09-16T05:12:44.178Z] FirebaseError: HTTP Error: 403, Unknown Error
    at module.exports (/home/mario/Downloads/node-v12.18.3-linux-x64/lib/node_modules/firebase-tools/lib/responseToError.js:38:12)
    at Request._callback (/home/mario/Downloads/node-v12.18.3-linux-x64/lib/node_modules/firebase-tools/lib/api.js:41:35)
    at Request.self.callback (/home/mario/Downloads/node-v12.18.3-linux-x64/lib/node_modules/firebase-tools/node_modules/request/request.js:185:22)
    at Request.emit (events.js:315:20)
    at Request.EventEmitter.emit (domain.js:483:12)
    at Request.<anonymous> (/home/mario/Downloads/node-v12.18.3-linux-x64/lib/node_modules/firebase-tools/node_modules/request/request.js:1154:10)
    at Request.emit (events.js:315:20)
    at Request.EventEmitter.emit (domain.js:483:12)
    at IncomingMessage.<anonymous> (/home/mario/Downloads/node-v12.18.3-linux-x64/lib/node_modules/firebase-tools/node_modules/request/request.js:1076:12)
    at Object.onceWrapper (events.js:421:28)
    at IncomingMessage.emit (events.js:327:22)
    at IncomingMessage.EventEmitter.emit (domain.js:483:12)
    at endReadableNT (_stream_readable.js:1220:12)
    at processTicksAndRejections (internal/process/task_queues.js:84:21)
[error] 
[error] Error: Failed to list Firebase projects. See firebase-debug.log for more info.
